<?xml version="1.0" encoding="UTF-8"?>
<testsuite name="TestSource" tests="12" skipped="0" failures="0" errors="0" timestamp="2020-04-03T07:29:14" hostname="kiruha" time="0.637">
  <properties/>
  <testcase name="stressThreeInAnswer" classname="TestSource" time="0.179"/>
  <testcase name="stressManyRepeating" classname="TestSource" time="0.394"/>
  <testcase name="segmented" classname="TestSource" time="0.004"/>
  <testcase name="consequentShuffle" classname="TestSource" time="0.001"/>
  <testcase name="stressTwoInAnswer" classname="TestSource" time="0.039"/>
  <testcase name="simple" classname="TestSource" time="0.001"/>
  <testcase name="overlappingMiddle" classname="TestSource" time="0.0"/>
  <testcase name="consequent" classname="TestSource" time="0.001"/>
  <testcase name="overlapping" classname="TestSource" time="0.0"/>
  <testcase name="empty" classname="TestSource" time="0.001"/>
  <testcase name="overlappingShuffle" classname="TestSource" time="0.0"/>
  <testcase name="stressOneInAnswer" classname="TestSource" time="0.014"/>
  <system-out><![CDATA[]]></system-out>
  <system-err><![CDATA[9998
9998
9998
Expected: 29994, 
 Actual calculated: 29994
Expected: 41, 
 Actual calculated: 41
Expected: 61, 
 Actual calculated: 61
Expected: 30, 
 Actual calculated: 30
9998
9998
Expected: 19996, 
 Actual calculated: 19996
Expected: 10, 
 Actual calculated: 10
Expected: 21, 
 Actual calculated: 21
Expected: 30, 
 Actual calculated: 30
Expected: 20, 
 Actual calculated: 20
Expected: 0, 
 Actual calculated: 0
Expected: 20, 
 Actual calculated: 20
9998
Expected: 9998, 
 Actual calculated: 9998
]]></system-err>
</testsuite>
